{
  "RSpec": {
    "coverage": {
      "/home/antonio/dev/demo_tdd/spec/models/band_spec.rb": [
        1,
        null,
        1,
        1,
        null
      ],
      "/home/antonio/dev/demo_tdd/spec/rails_helper.rb": [
        null,
        1,
        1,
        null,
        1,
        1,
        1,
        1,
        null,
        null,
        null,
        null,
        null,
        null,
        null,
        null,
        null,
        null,
        null,
        null,
        null,
        null,
        null,
        null,
        null,
        null,
        null,
        1,
        null,
        1,
        1,
        null,
        null,
        null,
        null,
        1,
        null,
        null,
        null,
        null,
        null,
        null,
        null,
        null,
        null,
        null,
        null,
        null,
        null,
        null,
        1,
        null,
        null,
        1,
        null,
        null,
        1,
        1,
        1,
        1,
        1,
        1,
        null,
        1,
        null,
        null,
        null
      ],
      "/home/antonio/dev/demo_tdd/config/environment.rb": [
        null,
        1,
        null,
        null,
        1
      ],
      "/home/antonio/dev/demo_tdd/config/application.rb": [
        1,
        null,
        1,
        null,
        1,
        1,
        1,
        1,
        1,
        1,
        1,
        null,
        null,
        null,
        null,
        1,
        null,
        1,
        1,
        null,
        null,
        null,
        null,
        null,
        null,
        null,
        null,
        null,
        null,
        null,
        null,
        null,
        1,
        null,
        null
      ],
      "/home/antonio/dev/demo_tdd/config/boot.rb": [
        1,
        null,
        1
      ],
      "/home/antonio/dev/demo_tdd/config/environments/test.rb": [
        1,
        null,
        null,
        null,
        null,
        null,
        null,
        1,
        null,
        null,
        null,
        null,
        1,
        null,
        null,
        1,
        1,
        null,
        null,
        1,
        1,
        null,
        null,
        1,
        null,
        null,
        1,
        null,
        null,
        null,
        null,
        1,
        null,
        null,
        1,
        null,
        null,
        1,
        null,
        null,
        null,
        null
      ],
      "/home/antonio/dev/demo_tdd/config/initializers/assets.rb": [
        null,
        null,
        null,
        1,
        null,
        null,
        null,
        null,
        null,
        null,
        null
      ],
      "/home/antonio/dev/demo_tdd/config/initializers/backtrace_silencers.rb": [
        null,
        null,
        null,
        null,
        null,
        null,
        null
      ],
      "/home/antonio/dev/demo_tdd/config/initializers/cookies_serializer.rb": [
        null,
        null,
        1
      ],
      "/home/antonio/dev/demo_tdd/config/initializers/filter_parameter_logging.rb": [
        null,
        null,
        null,
        1
      ],
      "/home/antonio/dev/demo_tdd/config/initializers/inflections.rb": [
        null,
        null,
        null,
        null,
        null,
        null,
        null,
        null,
        null,
        null,
        null,
        null,
        null,
        null,
        null,
        null
      ],
      "/home/antonio/dev/demo_tdd/config/initializers/mime_types.rb": [
        null,
        null,
        null,
        null
      ],
      "/home/antonio/dev/demo_tdd/config/initializers/session_store.rb": [
        null,
        null,
        1
      ],
      "/home/antonio/dev/demo_tdd/config/initializers/wrap_parameters.rb": [
        null,
        null,
        null,
        null,
        null,
        null,
        1,
        1,
        null,
        null,
        null,
        null,
        null,
        null
      ],
      "/home/antonio/dev/demo_tdd/spec/factories/bands.rb": [
        1,
        1,
        1,
        1,
        1,
        null,
        null
      ],
      "/home/antonio/dev/demo_tdd/config/routes.rb": [
        1,
        null,
        null,
        null,
        null,
        null,
        null,
        null,
        null,
        null,
        null,
        null,
        null,
        null,
        null,
        null,
        null,
        null,
        null,
        null,
        null,
        null,
        null,
        null,
        null,
        null,
        null,
        null,
        null,
        null,
        null,
        null,
        null,
        null,
        null,
        null,
        null,
        null,
        null,
        null,
        null,
        null,
        null,
        null,
        null,
        null,
        null,
        null,
        null,
        null,
        null,
        null,
        null,
        null,
        null,
        null
      ],
      "/home/antonio/dev/demo_tdd/app/helpers/application_helper.rb": [
        1,
        null
      ],
      "/home/antonio/dev/demo_tdd/app/models/band.rb": [
        1,
        null
      ]
    },
    "timestamp": 1462325004
  }
}
